ERROR - 2026-05-29 09:04:43 --> Duplicate entry '' for key 'users.PRIMARY'
in SYSTEMPATH/Database/MySQLi/Connection.php on line 300.
 1 SYSTEMPATH/Database/MySQLi/Connection.php(300): mysqli->query('INSERT INTO `users` (`name`, `phone`, `email`, `password_hash`, `status`, `created_at`, `updated_at`) VALUES (\'Muslim\', \'+998111111111\', NULL, \'$2y$10$t7ttGwPOoAuWFqIcZfk2OumHjBcTVSzhDWV7Ql0SReW/bCaXoQSrC\', \'active\', \'2026-05-29 09:04:43\', \'2026-05-29 09:04:43\')', 0)
 2 SYSTEMPATH/Database/BaseConnection.php(910): CodeIgniter\Database\MySQLi\Connection->execute('INSERT INTO `users` (`name`, `phone`, `email`, `password_hash`, `status`, `created_at`, `updated_at`) VALUES (\'Muslim\', \'+998111111111\', NULL, \'$2y$10$t7ttGwPOoAuWFqIcZfk2OumHjBcTVSzhDWV7Ql0SReW/bCaXoQSrC\', \'active\', \'2026-05-29 09:04:43\', \'2026-05-29 09:04:43\')')
 3 SYSTEMPATH/Database/BaseConnection.php(827): CodeIgniter\Database\BaseConnection->simpleQuery('INSERT INTO `users` (`name`, `phone`, `email`, `password_hash`, `status`, `created_at`, `updated_at`) VALUES (\'Muslim\', \'+998111111111\', NULL, \'$2y$10$t7ttGwPOoAuWFqIcZfk2OumHjBcTVSzhDWV7Ql0SReW/bCaXoQSrC\', \'active\', \'2026-05-29 09:04:43\', \'2026-05-29 09:04:43\')')
 4 SYSTEMPATH/Database/BaseBuilder.php(2345): CodeIgniter\Database\BaseConnection->query('INSERT INTO `users` (`name`, `phone`, `email`, `password_hash`, `status`, `created_at`, `updated_at`) VALUES (:name:, :phone.1:, :email:, :password_hash:, :status:, :created_at:, :updated_at:)', [...], false)
 5 SYSTEMPATH/Model.php(355): CodeIgniter\Database\BaseBuilder->insert()
 6 SYSTEMPATH/BaseModel.php(899): CodeIgniter\Model->doInsert([...])
 7 SYSTEMPATH/Model.php(668): CodeIgniter\BaseModel->insert([...], true)
 8 APPPATH/Controllers/Api/AuthController.php(181): CodeIgniter\Model->insert([...])
 9 APPPATH/Controllers/Api/AuthController.php(69): App\Controllers\Api\AuthController->registerUser([...])
10 SYSTEMPATH/CodeIgniter.php(951): App\Controllers\Api\AuthController->register()
11 SYSTEMPATH/CodeIgniter.php(497): CodeIgniter\CodeIgniter->runController(Object(App\Controllers\Api\AuthController))
12 SYSTEMPATH/CodeIgniter.php(340): CodeIgniter\CodeIgniter->handleRequest(null, Object(Config\Cache), false)
13 SYSTEMPATH/Boot.php(417): CodeIgniter\CodeIgniter->run()
14 SYSTEMPATH/Boot.php(68): CodeIgniter\Boot::runCodeIgniter(Object(CodeIgniter\CodeIgniter))
15 FCPATH/index.php(59): CodeIgniter\Boot::bootWeb(Object(Config\Paths))
ERROR - 2026-05-29 09:04:56 --> Duplicate entry '' for key 'users.PRIMARY'
in SYSTEMPATH/Database/MySQLi/Connection.php on line 300.
 1 SYSTEMPATH/Database/MySQLi/Connection.php(300): mysqli->query('INSERT INTO `users` (`name`, `phone`, `email`, `password_hash`, `status`, `created_at`, `updated_at`) VALUES (\'Muslim\', \'+998111111111\', NULL, \'$2y$10$gLQuEmi79tkXKQ7o.65/POmotR4M/kL5UV7VRh46uR0E8U0P4tkYW\', \'active\', \'2026-05-29 09:04:56\', \'2026-05-29 09:04:56\')', 0)
 2 SYSTEMPATH/Database/BaseConnection.php(910): CodeIgniter\Database\MySQLi\Connection->execute('INSERT INTO `users` (`name`, `phone`, `email`, `password_hash`, `status`, `created_at`, `updated_at`) VALUES (\'Muslim\', \'+998111111111\', NULL, \'$2y$10$gLQuEmi79tkXKQ7o.65/POmotR4M/kL5UV7VRh46uR0E8U0P4tkYW\', \'active\', \'2026-05-29 09:04:56\', \'2026-05-29 09:04:56\')')
 3 SYSTEMPATH/Database/BaseConnection.php(827): CodeIgniter\Database\BaseConnection->simpleQuery('INSERT INTO `users` (`name`, `phone`, `email`, `password_hash`, `status`, `created_at`, `updated_at`) VALUES (\'Muslim\', \'+998111111111\', NULL, \'$2y$10$gLQuEmi79tkXKQ7o.65/POmotR4M/kL5UV7VRh46uR0E8U0P4tkYW\', \'active\', \'2026-05-29 09:04:56\', \'2026-05-29 09:04:56\')')
 4 SYSTEMPATH/Database/BaseBuilder.php(2345): CodeIgniter\Database\BaseConnection->query('INSERT INTO `users` (`name`, `phone`, `email`, `password_hash`, `status`, `created_at`, `updated_at`) VALUES (:name:, :phone.1:, :email:, :password_hash:, :status:, :created_at:, :updated_at:)', [...], false)
 5 SYSTEMPATH/Model.php(355): CodeIgniter\Database\BaseBuilder->insert()
 6 SYSTEMPATH/BaseModel.php(899): CodeIgniter\Model->doInsert([...])
 7 SYSTEMPATH/Model.php(668): CodeIgniter\BaseModel->insert([...], true)
 8 APPPATH/Controllers/Api/AuthController.php(181): CodeIgniter\Model->insert([...])
 9 APPPATH/Controllers/Api/AuthController.php(69): App\Controllers\Api\AuthController->registerUser([...])
10 SYSTEMPATH/CodeIgniter.php(951): App\Controllers\Api\AuthController->register()
11 SYSTEMPATH/CodeIgniter.php(497): CodeIgniter\CodeIgniter->runController(Object(App\Controllers\Api\AuthController))
12 SYSTEMPATH/CodeIgniter.php(340): CodeIgniter\CodeIgniter->handleRequest(null, Object(Config\Cache), false)
13 SYSTEMPATH/Boot.php(417): CodeIgniter\CodeIgniter->run()
14 SYSTEMPATH/Boot.php(68): CodeIgniter\Boot::runCodeIgniter(Object(CodeIgniter\CodeIgniter))
15 FCPATH/index.php(59): CodeIgniter\Boot::bootWeb(Object(Config\Paths))
ERROR - 2026-05-29 09:05:24 --> Duplicate entry '' for key 'users.PRIMARY'
in SYSTEMPATH/Database/MySQLi/Connection.php on line 300.
 1 SYSTEMPATH/Database/MySQLi/Connection.php(300): mysqli->query('INSERT INTO `users` (`name`, `phone`, `email`, `password_hash`, `status`, `created_at`, `updated_at`) VALUES (\'Muslim\', \'+998111111111\', NULL, \'$2y$10$46bnuBux3zktmEA1h06ch.3CYql0/Q6W4IC8p2YbQpnPVJCWZheWi\', \'active\', \'2026-05-29 09:05:24\', \'2026-05-29 09:05:24\')', 0)
 2 SYSTEMPATH/Database/BaseConnection.php(910): CodeIgniter\Database\MySQLi\Connection->execute('INSERT INTO `users` (`name`, `phone`, `email`, `password_hash`, `status`, `created_at`, `updated_at`) VALUES (\'Muslim\', \'+998111111111\', NULL, \'$2y$10$46bnuBux3zktmEA1h06ch.3CYql0/Q6W4IC8p2YbQpnPVJCWZheWi\', \'active\', \'2026-05-29 09:05:24\', \'2026-05-29 09:05:24\')')
 3 SYSTEMPATH/Database/BaseConnection.php(827): CodeIgniter\Database\BaseConnection->simpleQuery('INSERT INTO `users` (`name`, `phone`, `email`, `password_hash`, `status`, `created_at`, `updated_at`) VALUES (\'Muslim\', \'+998111111111\', NULL, \'$2y$10$46bnuBux3zktmEA1h06ch.3CYql0/Q6W4IC8p2YbQpnPVJCWZheWi\', \'active\', \'2026-05-29 09:05:24\', \'2026-05-29 09:05:24\')')
 4 SYSTEMPATH/Database/BaseBuilder.php(2345): CodeIgniter\Database\BaseConnection->query('INSERT INTO `users` (`name`, `phone`, `email`, `password_hash`, `status`, `created_at`, `updated_at`) VALUES (:name:, :phone.1:, :email:, :password_hash:, :status:, :created_at:, :updated_at:)', [...], false)
 5 SYSTEMPATH/Model.php(355): CodeIgniter\Database\BaseBuilder->insert()
 6 SYSTEMPATH/BaseModel.php(899): CodeIgniter\Model->doInsert([...])
 7 SYSTEMPATH/Model.php(668): CodeIgniter\BaseModel->insert([...], true)
 8 APPPATH/Controllers/Api/AuthController.php(181): CodeIgniter\Model->insert([...])
 9 APPPATH/Controllers/Api/AuthController.php(69): App\Controllers\Api\AuthController->registerUser([...])
10 SYSTEMPATH/CodeIgniter.php(951): App\Controllers\Api\AuthController->register()
11 SYSTEMPATH/CodeIgniter.php(497): CodeIgniter\CodeIgniter->runController(Object(App\Controllers\Api\AuthController))
12 SYSTEMPATH/CodeIgniter.php(340): CodeIgniter\CodeIgniter->handleRequest(null, Object(Config\Cache), false)
13 SYSTEMPATH/Boot.php(417): CodeIgniter\CodeIgniter->run()
14 SYSTEMPATH/Boot.php(68): CodeIgniter\Boot::runCodeIgniter(Object(CodeIgniter\CodeIgniter))
15 FCPATH/index.php(59): CodeIgniter\Boot::bootWeb(Object(Config\Paths))
ERROR - 2026-05-29 09:05:27 --> Duplicate entry '' for key 'users.PRIMARY'
in SYSTEMPATH/Database/MySQLi/Connection.php on line 300.
 1 SYSTEMPATH/Database/MySQLi/Connection.php(300): mysqli->query('INSERT INTO `users` (`name`, `phone`, `email`, `password_hash`, `status`, `created_at`, `updated_at`) VALUES (\'Muslim\', \'+998111111111\', NULL, \'$2y$10$YnzNUjF0Py0qaiBUFT4G3.aVi2T.WSNvHEEwIPScmMtyYEe5MPa5y\', \'active\', \'2026-05-29 09:05:27\', \'2026-05-29 09:05:27\')', 0)
 2 SYSTEMPATH/Database/BaseConnection.php(910): CodeIgniter\Database\MySQLi\Connection->execute('INSERT INTO `users` (`name`, `phone`, `email`, `password_hash`, `status`, `created_at`, `updated_at`) VALUES (\'Muslim\', \'+998111111111\', NULL, \'$2y$10$YnzNUjF0Py0qaiBUFT4G3.aVi2T.WSNvHEEwIPScmMtyYEe5MPa5y\', \'active\', \'2026-05-29 09:05:27\', \'2026-05-29 09:05:27\')')
 3 SYSTEMPATH/Database/BaseConnection.php(827): CodeIgniter\Database\BaseConnection->simpleQuery('INSERT INTO `users` (`name`, `phone`, `email`, `password_hash`, `status`, `created_at`, `updated_at`) VALUES (\'Muslim\', \'+998111111111\', NULL, \'$2y$10$YnzNUjF0Py0qaiBUFT4G3.aVi2T.WSNvHEEwIPScmMtyYEe5MPa5y\', \'active\', \'2026-05-29 09:05:27\', \'2026-05-29 09:05:27\')')
 4 SYSTEMPATH/Database/BaseBuilder.php(2345): CodeIgniter\Database\BaseConnection->query('INSERT INTO `users` (`name`, `phone`, `email`, `password_hash`, `status`, `created_at`, `updated_at`) VALUES (:name:, :phone.1:, :email:, :password_hash:, :status:, :created_at:, :updated_at:)', [...], false)
 5 SYSTEMPATH/Model.php(355): CodeIgniter\Database\BaseBuilder->insert()
 6 SYSTEMPATH/BaseModel.php(899): CodeIgniter\Model->doInsert([...])
 7 SYSTEMPATH/Model.php(668): CodeIgniter\BaseModel->insert([...], true)
 8 APPPATH/Controllers/Api/AuthController.php(181): CodeIgniter\Model->insert([...])
 9 APPPATH/Controllers/Api/AuthController.php(69): App\Controllers\Api\AuthController->registerUser([...])
10 SYSTEMPATH/CodeIgniter.php(951): App\Controllers\Api\AuthController->register()
11 SYSTEMPATH/CodeIgniter.php(497): CodeIgniter\CodeIgniter->runController(Object(App\Controllers\Api\AuthController))
12 SYSTEMPATH/CodeIgniter.php(340): CodeIgniter\CodeIgniter->handleRequest(null, Object(Config\Cache), false)
13 SYSTEMPATH/Boot.php(417): CodeIgniter\CodeIgniter->run()
14 SYSTEMPATH/Boot.php(68): CodeIgniter\Boot::runCodeIgniter(Object(CodeIgniter\CodeIgniter))
15 FCPATH/index.php(59): CodeIgniter\Boot::bootWeb(Object(Config\Paths))
ERROR - 2026-05-29 09:05:51 --> Duplicate entry '' for key 'users.PRIMARY'
in SYSTEMPATH/Database/MySQLi/Connection.php on line 300.
 1 SYSTEMPATH/Database/MySQLi/Connection.php(300): mysqli->query('INSERT INTO `users` (`name`, `phone`, `email`, `password_hash`, `status`, `created_at`, `updated_at`) VALUES (\'sdsdf\', \'+998000000000\', NULL, \'$2y$10$GWiSup2d1O12dXJClH.ex.O7ZmvpBKnkE5UUiDeVOtdDH0QJp2WuW\', \'active\', \'2026-05-29 09:05:50\', \'2026-05-29 09:05:50\')', 0)
 2 SYSTEMPATH/Database/BaseConnection.php(910): CodeIgniter\Database\MySQLi\Connection->execute('INSERT INTO `users` (`name`, `phone`, `email`, `password_hash`, `status`, `created_at`, `updated_at`) VALUES (\'sdsdf\', \'+998000000000\', NULL, \'$2y$10$GWiSup2d1O12dXJClH.ex.O7ZmvpBKnkE5UUiDeVOtdDH0QJp2WuW\', \'active\', \'2026-05-29 09:05:50\', \'2026-05-29 09:05:50\')')
 3 SYSTEMPATH/Database/BaseConnection.php(827): CodeIgniter\Database\BaseConnection->simpleQuery('INSERT INTO `users` (`name`, `phone`, `email`, `password_hash`, `status`, `created_at`, `updated_at`) VALUES (\'sdsdf\', \'+998000000000\', NULL, \'$2y$10$GWiSup2d1O12dXJClH.ex.O7ZmvpBKnkE5UUiDeVOtdDH0QJp2WuW\', \'active\', \'2026-05-29 09:05:50\', \'2026-05-29 09:05:50\')')
 4 SYSTEMPATH/Database/BaseBuilder.php(2345): CodeIgniter\Database\BaseConnection->query('INSERT INTO `users` (`name`, `phone`, `email`, `password_hash`, `status`, `created_at`, `updated_at`) VALUES (:name:, :phone.1:, :email:, :password_hash:, :status:, :created_at:, :updated_at:)', [...], false)
 5 SYSTEMPATH/Model.php(355): CodeIgniter\Database\BaseBuilder->insert()
 6 SYSTEMPATH/BaseModel.php(899): CodeIgniter\Model->doInsert([...])
 7 SYSTEMPATH/Model.php(668): CodeIgniter\BaseModel->insert([...], true)
 8 APPPATH/Controllers/Api/AuthController.php(181): CodeIgniter\Model->insert([...])
 9 APPPATH/Controllers/Api/AuthController.php(69): App\Controllers\Api\AuthController->registerUser([...])
10 SYSTEMPATH/CodeIgniter.php(951): App\Controllers\Api\AuthController->register()
11 SYSTEMPATH/CodeIgniter.php(497): CodeIgniter\CodeIgniter->runController(Object(App\Controllers\Api\AuthController))
12 SYSTEMPATH/CodeIgniter.php(340): CodeIgniter\CodeIgniter->handleRequest(null, Object(Config\Cache), false)
13 SYSTEMPATH/Boot.php(417): CodeIgniter\CodeIgniter->run()
14 SYSTEMPATH/Boot.php(68): CodeIgniter\Boot::runCodeIgniter(Object(CodeIgniter\CodeIgniter))
15 FCPATH/index.php(59): CodeIgniter\Boot::bootWeb(Object(Config\Paths))
ERROR - 2026-05-29 09:06:39 --> Duplicate entry '' for key 'users.PRIMARY'
in SYSTEMPATH/Database/MySQLi/Connection.php on line 300.
 1 SYSTEMPATH/Database/MySQLi/Connection.php(300): mysqli->query('INSERT INTO `users` (`name`, `phone`, `email`, `password_hash`, `status`, `created_at`, `updated_at`) VALUES (\'sdsdf\', \'+998000000000\', NULL, \'$2y$10$Df.V6hNG1EwHlExu0VcwO.rWy0Ic4IG30/SVxm5GCc4JJ8u/ne0DW\', \'active\', \'2026-05-29 09:06:39\', \'2026-05-29 09:06:39\')', 0)
 2 SYSTEMPATH/Database/BaseConnection.php(910): CodeIgniter\Database\MySQLi\Connection->execute('INSERT INTO `users` (`name`, `phone`, `email`, `password_hash`, `status`, `created_at`, `updated_at`) VALUES (\'sdsdf\', \'+998000000000\', NULL, \'$2y$10$Df.V6hNG1EwHlExu0VcwO.rWy0Ic4IG30/SVxm5GCc4JJ8u/ne0DW\', \'active\', \'2026-05-29 09:06:39\', \'2026-05-29 09:06:39\')')
 3 SYSTEMPATH/Database/BaseConnection.php(827): CodeIgniter\Database\BaseConnection->simpleQuery('INSERT INTO `users` (`name`, `phone`, `email`, `password_hash`, `status`, `created_at`, `updated_at`) VALUES (\'sdsdf\', \'+998000000000\', NULL, \'$2y$10$Df.V6hNG1EwHlExu0VcwO.rWy0Ic4IG30/SVxm5GCc4JJ8u/ne0DW\', \'active\', \'2026-05-29 09:06:39\', \'2026-05-29 09:06:39\')')
 4 SYSTEMPATH/Database/BaseBuilder.php(2345): CodeIgniter\Database\BaseConnection->query('INSERT INTO `users` (`name`, `phone`, `email`, `password_hash`, `status`, `created_at`, `updated_at`) VALUES (:name:, :phone.1:, :email:, :password_hash:, :status:, :created_at:, :updated_at:)', [...], false)
 5 SYSTEMPATH/Model.php(355): CodeIgniter\Database\BaseBuilder->insert()
 6 SYSTEMPATH/BaseModel.php(899): CodeIgniter\Model->doInsert([...])
 7 SYSTEMPATH/Model.php(668): CodeIgniter\BaseModel->insert([...], true)
 8 APPPATH/Controllers/Api/AuthController.php(181): CodeIgniter\Model->insert([...])
 9 APPPATH/Controllers/Api/AuthController.php(69): App\Controllers\Api\AuthController->registerUser([...])
10 SYSTEMPATH/CodeIgniter.php(951): App\Controllers\Api\AuthController->register()
11 SYSTEMPATH/CodeIgniter.php(497): CodeIgniter\CodeIgniter->runController(Object(App\Controllers\Api\AuthController))
12 SYSTEMPATH/CodeIgniter.php(340): CodeIgniter\CodeIgniter->handleRequest(null, Object(Config\Cache), false)
13 SYSTEMPATH/Boot.php(417): CodeIgniter\CodeIgniter->run()
14 SYSTEMPATH/Boot.php(68): CodeIgniter\Boot::runCodeIgniter(Object(CodeIgniter\CodeIgniter))
15 FCPATH/index.php(59): CodeIgniter\Boot::bootWeb(Object(Config\Paths))
