ERROR - 2026-05-13 12:41:39 --> Duplicate entry '' for key 'books.PRIMARY'
in SYSTEMPATH/Database/MySQLi/Connection.php on line 300.
 1 SYSTEMPATH/Database/MySQLi/Connection.php(300): mysqli->query('INSERT INTO `books` (`user_id`, `type_key`, `title`, `description`, `is_archived`, `sort_order`, `created_at`, `updated_at`) VALUES (\'11111111-1111-1111-1111-111111111111\', \'finance\', \'Birinchi kitob\', \'Yaxshi kitobvha haqida\', 0, 4, \'2026-05-13 12:41:38\', \'2026-05-13 12:41:38\')', 0)
 2 SYSTEMPATH/Database/BaseConnection.php(910): CodeIgniter\Database\MySQLi\Connection->execute('INSERT INTO `books` (`user_id`, `type_key`, `title`, `description`, `is_archived`, `sort_order`, `created_at`, `updated_at`) VALUES (\'11111111-1111-1111-1111-111111111111\', \'finance\', \'Birinchi kitob\', \'Yaxshi kitobvha haqida\', 0, 4, \'2026-05-13 12:41:38\', \'2026-05-13 12:41:38\')')
 3 SYSTEMPATH/Database/BaseConnection.php(827): CodeIgniter\Database\BaseConnection->simpleQuery('INSERT INTO `books` (`user_id`, `type_key`, `title`, `description`, `is_archived`, `sort_order`, `created_at`, `updated_at`) VALUES (\'11111111-1111-1111-1111-111111111111\', \'finance\', \'Birinchi kitob\', \'Yaxshi kitobvha haqida\', 0, 4, \'2026-05-13 12:41:38\', \'2026-05-13 12:41:38\')')
 4 SYSTEMPATH/Database/BaseBuilder.php(2345): CodeIgniter\Database\BaseConnection->query('INSERT INTO `books` (`user_id`, `type_key`, `title`, `description`, `is_archived`, `sort_order`, `created_at`, `updated_at`) VALUES (:user_id:, :type_key:, :title:, :description:, :is_archived:, :sort_order:, :created_at:, :updated_at:)', [...], false)
 5 SYSTEMPATH/Model.php(355): CodeIgniter\Database\BaseBuilder->insert()
 6 SYSTEMPATH/BaseModel.php(899): CodeIgniter\Model->doInsert([...])
 7 SYSTEMPATH/Model.php(668): CodeIgniter\BaseModel->insert([...], true)
 8 APPPATH/Controllers/Api/BooksController.php(99): CodeIgniter\Model->insert([...])
 9 SYSTEMPATH/CodeIgniter.php(951): App\Controllers\Api\BooksController->create()
10 SYSTEMPATH/CodeIgniter.php(497): CodeIgniter\CodeIgniter->runController(Object(App\Controllers\Api\BooksController))
11 SYSTEMPATH/CodeIgniter.php(340): CodeIgniter\CodeIgniter->handleRequest(null, Object(Config\Cache), false)
12 SYSTEMPATH/Boot.php(417): CodeIgniter\CodeIgniter->run()
13 SYSTEMPATH/Boot.php(68): CodeIgniter\Boot::runCodeIgniter(Object(CodeIgniter\CodeIgniter))
14 FCPATH/index.php(59): CodeIgniter\Boot::bootWeb(Object(Config\Paths))
CRITICAL - 2026-05-13 12:41:39 --> CodeIgniter\Database\Exceptions\DatabaseException: Duplicate entry '' for key 'books.PRIMARY'
[Method: POST, Route: books]
in SYSTEMPATH/Database/BaseConnection.php on line 865.
 1 SYSTEMPATH/Database/BaseBuilder.php(2345): CodeIgniter\Database\BaseConnection->query('INSERT INTO `books` (`user_id`, `type_key`, `title`, `description`, `is_archived`, `sort_order`, `created_at`, `updated_at`) VALUES (:user_id:, :type_key:, :title:, :description:, :is_archived:, :sort_order:, :created_at:, :updated_at:)', [...], false)
 2 SYSTEMPATH/Model.php(355): CodeIgniter\Database\BaseBuilder->insert()
 3 SYSTEMPATH/BaseModel.php(899): CodeIgniter\Model->doInsert([...])
 4 SYSTEMPATH/Model.php(668): CodeIgniter\BaseModel->insert([...], true)
 5 APPPATH/Controllers/Api/BooksController.php(99): CodeIgniter\Model->insert([...])
 6 SYSTEMPATH/CodeIgniter.php(951): App\Controllers\Api\BooksController->create()
 7 SYSTEMPATH/CodeIgniter.php(497): CodeIgniter\CodeIgniter->runController(Object(App\Controllers\Api\BooksController))
 8 SYSTEMPATH/CodeIgniter.php(340): CodeIgniter\CodeIgniter->handleRequest(null, Object(Config\Cache), false)
 9 SYSTEMPATH/Boot.php(417): CodeIgniter\CodeIgniter->run()
10 SYSTEMPATH/Boot.php(68): CodeIgniter\Boot::runCodeIgniter(Object(CodeIgniter\CodeIgniter))
11 FCPATH/index.php(59): CodeIgniter\Boot::bootWeb(Object(Config\Paths))
CRITICAL - 2026-05-13 12:41:39 --> [Caused by] CodeIgniter\Database\Exceptions\DatabaseException: Duplicate entry '' for key 'books.PRIMARY'
in SYSTEMPATH/Database/MySQLi/Connection.php on line 310.
 1 SYSTEMPATH/Database/BaseConnection.php(910): CodeIgniter\Database\MySQLi\Connection->execute('INSERT INTO `books` (`user_id`, `type_key`, `title`, `description`, `is_archived`, `sort_order`, `created_at`, `updated_at`) VALUES (\'11111111-1111-1111-1111-111111111111\', \'finance\', \'Birinchi kitob\', \'Yaxshi kitobvha haqida\', 0, 4, \'2026-05-13 12:41:38\', \'2026-05-13 12:41:38\')')
 2 SYSTEMPATH/Database/BaseConnection.php(827): CodeIgniter\Database\BaseConnection->simpleQuery('INSERT INTO `books` (`user_id`, `type_key`, `title`, `description`, `is_archived`, `sort_order`, `created_at`, `updated_at`) VALUES (\'11111111-1111-1111-1111-111111111111\', \'finance\', \'Birinchi kitob\', \'Yaxshi kitobvha haqida\', 0, 4, \'2026-05-13 12:41:38\', \'2026-05-13 12:41:38\')')
 3 SYSTEMPATH/Database/BaseBuilder.php(2345): CodeIgniter\Database\BaseConnection->query('INSERT INTO `books` (`user_id`, `type_key`, `title`, `description`, `is_archived`, `sort_order`, `created_at`, `updated_at`) VALUES (:user_id:, :type_key:, :title:, :description:, :is_archived:, :sort_order:, :created_at:, :updated_at:)', [...], false)
 4 SYSTEMPATH/Model.php(355): CodeIgniter\Database\BaseBuilder->insert()
 5 SYSTEMPATH/BaseModel.php(899): CodeIgniter\Model->doInsert([...])
 6 SYSTEMPATH/Model.php(668): CodeIgniter\BaseModel->insert([...], true)
 7 APPPATH/Controllers/Api/BooksController.php(99): CodeIgniter\Model->insert([...])
 8 SYSTEMPATH/CodeIgniter.php(951): App\Controllers\Api\BooksController->create()
 9 SYSTEMPATH/CodeIgniter.php(497): CodeIgniter\CodeIgniter->runController(Object(App\Controllers\Api\BooksController))
10 SYSTEMPATH/CodeIgniter.php(340): CodeIgniter\CodeIgniter->handleRequest(null, Object(Config\Cache), false)
11 SYSTEMPATH/Boot.php(417): CodeIgniter\CodeIgniter->run()
12 SYSTEMPATH/Boot.php(68): CodeIgniter\Boot::runCodeIgniter(Object(CodeIgniter\CodeIgniter))
13 FCPATH/index.php(59): CodeIgniter\Boot::bootWeb(Object(Config\Paths))
CRITICAL - 2026-05-13 12:41:39 --> [Caused by] mysqli_sql_exception: Duplicate entry '' for key 'books.PRIMARY'
in SYSTEMPATH/Database/MySQLi/Connection.php on line 300.
 1 SYSTEMPATH/Database/MySQLi/Connection.php(300): mysqli->query('INSERT INTO `books` (`user_id`, `type_key`, `title`, `description`, `is_archived`, `sort_order`, `created_at`, `updated_at`) VALUES (\'11111111-1111-1111-1111-111111111111\', \'finance\', \'Birinchi kitob\', \'Yaxshi kitobvha haqida\', 0, 4, \'2026-05-13 12:41:38\', \'2026-05-13 12:41:38\')', 0)
 2 SYSTEMPATH/Database/BaseConnection.php(910): CodeIgniter\Database\MySQLi\Connection->execute('INSERT INTO `books` (`user_id`, `type_key`, `title`, `description`, `is_archived`, `sort_order`, `created_at`, `updated_at`) VALUES (\'11111111-1111-1111-1111-111111111111\', \'finance\', \'Birinchi kitob\', \'Yaxshi kitobvha haqida\', 0, 4, \'2026-05-13 12:41:38\', \'2026-05-13 12:41:38\')')
 3 SYSTEMPATH/Database/BaseConnection.php(827): CodeIgniter\Database\BaseConnection->simpleQuery('INSERT INTO `books` (`user_id`, `type_key`, `title`, `description`, `is_archived`, `sort_order`, `created_at`, `updated_at`) VALUES (\'11111111-1111-1111-1111-111111111111\', \'finance\', \'Birinchi kitob\', \'Yaxshi kitobvha haqida\', 0, 4, \'2026-05-13 12:41:38\', \'2026-05-13 12:41:38\')')
 4 SYSTEMPATH/Database/BaseBuilder.php(2345): CodeIgniter\Database\BaseConnection->query('INSERT INTO `books` (`user_id`, `type_key`, `title`, `description`, `is_archived`, `sort_order`, `created_at`, `updated_at`) VALUES (:user_id:, :type_key:, :title:, :description:, :is_archived:, :sort_order:, :created_at:, :updated_at:)', [...], false)
 5 SYSTEMPATH/Model.php(355): CodeIgniter\Database\BaseBuilder->insert()
 6 SYSTEMPATH/BaseModel.php(899): CodeIgniter\Model->doInsert([...])
 7 SYSTEMPATH/Model.php(668): CodeIgniter\BaseModel->insert([...], true)
 8 APPPATH/Controllers/Api/BooksController.php(99): CodeIgniter\Model->insert([...])
 9 SYSTEMPATH/CodeIgniter.php(951): App\Controllers\Api\BooksController->create()
10 SYSTEMPATH/CodeIgniter.php(497): CodeIgniter\CodeIgniter->runController(Object(App\Controllers\Api\BooksController))
11 SYSTEMPATH/CodeIgniter.php(340): CodeIgniter\CodeIgniter->handleRequest(null, Object(Config\Cache), false)
12 SYSTEMPATH/Boot.php(417): CodeIgniter\CodeIgniter->run()
13 SYSTEMPATH/Boot.php(68): CodeIgniter\Boot::runCodeIgniter(Object(CodeIgniter\CodeIgniter))
14 FCPATH/index.php(59): CodeIgniter\Boot::bootWeb(Object(Config\Paths))
ERROR - 2026-05-13 12:41:41 --> Duplicate entry '' for key 'books.PRIMARY'
in SYSTEMPATH/Database/MySQLi/Connection.php on line 300.
 1 SYSTEMPATH/Database/MySQLi/Connection.php(300): mysqli->query('INSERT INTO `books` (`user_id`, `type_key`, `title`, `description`, `is_archived`, `sort_order`, `created_at`, `updated_at`) VALUES (\'11111111-1111-1111-1111-111111111111\', \'notes\', \'Birinchi kitob\', \'Yaxshi kitobvha haqida\', 0, 4, \'2026-05-13 12:41:41\', \'2026-05-13 12:41:41\')', 0)
 2 SYSTEMPATH/Database/BaseConnection.php(910): CodeIgniter\Database\MySQLi\Connection->execute('INSERT INTO `books` (`user_id`, `type_key`, `title`, `description`, `is_archived`, `sort_order`, `created_at`, `updated_at`) VALUES (\'11111111-1111-1111-1111-111111111111\', \'notes\', \'Birinchi kitob\', \'Yaxshi kitobvha haqida\', 0, 4, \'2026-05-13 12:41:41\', \'2026-05-13 12:41:41\')')
 3 SYSTEMPATH/Database/BaseConnection.php(827): CodeIgniter\Database\BaseConnection->simpleQuery('INSERT INTO `books` (`user_id`, `type_key`, `title`, `description`, `is_archived`, `sort_order`, `created_at`, `updated_at`) VALUES (\'11111111-1111-1111-1111-111111111111\', \'notes\', \'Birinchi kitob\', \'Yaxshi kitobvha haqida\', 0, 4, \'2026-05-13 12:41:41\', \'2026-05-13 12:41:41\')')
 4 SYSTEMPATH/Database/BaseBuilder.php(2345): CodeIgniter\Database\BaseConnection->query('INSERT INTO `books` (`user_id`, `type_key`, `title`, `description`, `is_archived`, `sort_order`, `created_at`, `updated_at`) VALUES (:user_id:, :type_key:, :title:, :description:, :is_archived:, :sort_order:, :created_at:, :updated_at:)', [...], false)
 5 SYSTEMPATH/Model.php(355): CodeIgniter\Database\BaseBuilder->insert()
 6 SYSTEMPATH/BaseModel.php(899): CodeIgniter\Model->doInsert([...])
 7 SYSTEMPATH/Model.php(668): CodeIgniter\BaseModel->insert([...], true)
 8 APPPATH/Controllers/Api/BooksController.php(99): CodeIgniter\Model->insert([...])
 9 SYSTEMPATH/CodeIgniter.php(951): App\Controllers\Api\BooksController->create()
10 SYSTEMPATH/CodeIgniter.php(497): CodeIgniter\CodeIgniter->runController(Object(App\Controllers\Api\BooksController))
11 SYSTEMPATH/CodeIgniter.php(340): CodeIgniter\CodeIgniter->handleRequest(null, Object(Config\Cache), false)
12 SYSTEMPATH/Boot.php(417): CodeIgniter\CodeIgniter->run()
13 SYSTEMPATH/Boot.php(68): CodeIgniter\Boot::runCodeIgniter(Object(CodeIgniter\CodeIgniter))
14 FCPATH/index.php(59): CodeIgniter\Boot::bootWeb(Object(Config\Paths))
CRITICAL - 2026-05-13 12:41:41 --> CodeIgniter\Database\Exceptions\DatabaseException: Duplicate entry '' for key 'books.PRIMARY'
[Method: POST, Route: books]
in SYSTEMPATH/Database/BaseConnection.php on line 865.
 1 SYSTEMPATH/Database/BaseBuilder.php(2345): CodeIgniter\Database\BaseConnection->query('INSERT INTO `books` (`user_id`, `type_key`, `title`, `description`, `is_archived`, `sort_order`, `created_at`, `updated_at`) VALUES (:user_id:, :type_key:, :title:, :description:, :is_archived:, :sort_order:, :created_at:, :updated_at:)', [...], false)
 2 SYSTEMPATH/Model.php(355): CodeIgniter\Database\BaseBuilder->insert()
 3 SYSTEMPATH/BaseModel.php(899): CodeIgniter\Model->doInsert([...])
 4 SYSTEMPATH/Model.php(668): CodeIgniter\BaseModel->insert([...], true)
 5 APPPATH/Controllers/Api/BooksController.php(99): CodeIgniter\Model->insert([...])
 6 SYSTEMPATH/CodeIgniter.php(951): App\Controllers\Api\BooksController->create()
 7 SYSTEMPATH/CodeIgniter.php(497): CodeIgniter\CodeIgniter->runController(Object(App\Controllers\Api\BooksController))
 8 SYSTEMPATH/CodeIgniter.php(340): CodeIgniter\CodeIgniter->handleRequest(null, Object(Config\Cache), false)
 9 SYSTEMPATH/Boot.php(417): CodeIgniter\CodeIgniter->run()
10 SYSTEMPATH/Boot.php(68): CodeIgniter\Boot::runCodeIgniter(Object(CodeIgniter\CodeIgniter))
11 FCPATH/index.php(59): CodeIgniter\Boot::bootWeb(Object(Config\Paths))
CRITICAL - 2026-05-13 12:41:41 --> [Caused by] CodeIgniter\Database\Exceptions\DatabaseException: Duplicate entry '' for key 'books.PRIMARY'
in SYSTEMPATH/Database/MySQLi/Connection.php on line 310.
 1 SYSTEMPATH/Database/BaseConnection.php(910): CodeIgniter\Database\MySQLi\Connection->execute('INSERT INTO `books` (`user_id`, `type_key`, `title`, `description`, `is_archived`, `sort_order`, `created_at`, `updated_at`) VALUES (\'11111111-1111-1111-1111-111111111111\', \'notes\', \'Birinchi kitob\', \'Yaxshi kitobvha haqida\', 0, 4, \'2026-05-13 12:41:41\', \'2026-05-13 12:41:41\')')
 2 SYSTEMPATH/Database/BaseConnection.php(827): CodeIgniter\Database\BaseConnection->simpleQuery('INSERT INTO `books` (`user_id`, `type_key`, `title`, `description`, `is_archived`, `sort_order`, `created_at`, `updated_at`) VALUES (\'11111111-1111-1111-1111-111111111111\', \'notes\', \'Birinchi kitob\', \'Yaxshi kitobvha haqida\', 0, 4, \'2026-05-13 12:41:41\', \'2026-05-13 12:41:41\')')
 3 SYSTEMPATH/Database/BaseBuilder.php(2345): CodeIgniter\Database\BaseConnection->query('INSERT INTO `books` (`user_id`, `type_key`, `title`, `description`, `is_archived`, `sort_order`, `created_at`, `updated_at`) VALUES (:user_id:, :type_key:, :title:, :description:, :is_archived:, :sort_order:, :created_at:, :updated_at:)', [...], false)
 4 SYSTEMPATH/Model.php(355): CodeIgniter\Database\BaseBuilder->insert()
 5 SYSTEMPATH/BaseModel.php(899): CodeIgniter\Model->doInsert([...])
 6 SYSTEMPATH/Model.php(668): CodeIgniter\BaseModel->insert([...], true)
 7 APPPATH/Controllers/Api/BooksController.php(99): CodeIgniter\Model->insert([...])
 8 SYSTEMPATH/CodeIgniter.php(951): App\Controllers\Api\BooksController->create()
 9 SYSTEMPATH/CodeIgniter.php(497): CodeIgniter\CodeIgniter->runController(Object(App\Controllers\Api\BooksController))
10 SYSTEMPATH/CodeIgniter.php(340): CodeIgniter\CodeIgniter->handleRequest(null, Object(Config\Cache), false)
11 SYSTEMPATH/Boot.php(417): CodeIgniter\CodeIgniter->run()
12 SYSTEMPATH/Boot.php(68): CodeIgniter\Boot::runCodeIgniter(Object(CodeIgniter\CodeIgniter))
13 FCPATH/index.php(59): CodeIgniter\Boot::bootWeb(Object(Config\Paths))
CRITICAL - 2026-05-13 12:41:41 --> [Caused by] mysqli_sql_exception: Duplicate entry '' for key 'books.PRIMARY'
in SYSTEMPATH/Database/MySQLi/Connection.php on line 300.
 1 SYSTEMPATH/Database/MySQLi/Connection.php(300): mysqli->query('INSERT INTO `books` (`user_id`, `type_key`, `title`, `description`, `is_archived`, `sort_order`, `created_at`, `updated_at`) VALUES (\'11111111-1111-1111-1111-111111111111\', \'notes\', \'Birinchi kitob\', \'Yaxshi kitobvha haqida\', 0, 4, \'2026-05-13 12:41:41\', \'2026-05-13 12:41:41\')', 0)
 2 SYSTEMPATH/Database/BaseConnection.php(910): CodeIgniter\Database\MySQLi\Connection->execute('INSERT INTO `books` (`user_id`, `type_key`, `title`, `description`, `is_archived`, `sort_order`, `created_at`, `updated_at`) VALUES (\'11111111-1111-1111-1111-111111111111\', \'notes\', \'Birinchi kitob\', \'Yaxshi kitobvha haqida\', 0, 4, \'2026-05-13 12:41:41\', \'2026-05-13 12:41:41\')')
 3 SYSTEMPATH/Database/BaseConnection.php(827): CodeIgniter\Database\BaseConnection->simpleQuery('INSERT INTO `books` (`user_id`, `type_key`, `title`, `description`, `is_archived`, `sort_order`, `created_at`, `updated_at`) VALUES (\'11111111-1111-1111-1111-111111111111\', \'notes\', \'Birinchi kitob\', \'Yaxshi kitobvha haqida\', 0, 4, \'2026-05-13 12:41:41\', \'2026-05-13 12:41:41\')')
 4 SYSTEMPATH/Database/BaseBuilder.php(2345): CodeIgniter\Database\BaseConnection->query('INSERT INTO `books` (`user_id`, `type_key`, `title`, `description`, `is_archived`, `sort_order`, `created_at`, `updated_at`) VALUES (:user_id:, :type_key:, :title:, :description:, :is_archived:, :sort_order:, :created_at:, :updated_at:)', [...], false)
 5 SYSTEMPATH/Model.php(355): CodeIgniter\Database\BaseBuilder->insert()
 6 SYSTEMPATH/BaseModel.php(899): CodeIgniter\Model->doInsert([...])
 7 SYSTEMPATH/Model.php(668): CodeIgniter\BaseModel->insert([...], true)
 8 APPPATH/Controllers/Api/BooksController.php(99): CodeIgniter\Model->insert([...])
 9 SYSTEMPATH/CodeIgniter.php(951): App\Controllers\Api\BooksController->create()
10 SYSTEMPATH/CodeIgniter.php(497): CodeIgniter\CodeIgniter->runController(Object(App\Controllers\Api\BooksController))
11 SYSTEMPATH/CodeIgniter.php(340): CodeIgniter\CodeIgniter->handleRequest(null, Object(Config\Cache), false)
12 SYSTEMPATH/Boot.php(417): CodeIgniter\CodeIgniter->run()
13 SYSTEMPATH/Boot.php(68): CodeIgniter\Boot::runCodeIgniter(Object(CodeIgniter\CodeIgniter))
14 FCPATH/index.php(59): CodeIgniter\Boot::bootWeb(Object(Config\Paths))
ERROR - 2026-05-13 12:41:43 --> Duplicate entry '' for key 'books.PRIMARY'
in SYSTEMPATH/Database/MySQLi/Connection.php on line 300.
 1 SYSTEMPATH/Database/MySQLi/Connection.php(300): mysqli->query('INSERT INTO `books` (`user_id`, `type_key`, `title`, `description`, `is_archived`, `sort_order`, `created_at`, `updated_at`) VALUES (\'11111111-1111-1111-1111-111111111111\', \'todo\', \'Birinchi kitob\', \'Yaxshi kitobvha haqida\', 0, 4, \'2026-05-13 12:41:43\', \'2026-05-13 12:41:43\')', 0)
 2 SYSTEMPATH/Database/BaseConnection.php(910): CodeIgniter\Database\MySQLi\Connection->execute('INSERT INTO `books` (`user_id`, `type_key`, `title`, `description`, `is_archived`, `sort_order`, `created_at`, `updated_at`) VALUES (\'11111111-1111-1111-1111-111111111111\', \'todo\', \'Birinchi kitob\', \'Yaxshi kitobvha haqida\', 0, 4, \'2026-05-13 12:41:43\', \'2026-05-13 12:41:43\')')
 3 SYSTEMPATH/Database/BaseConnection.php(827): CodeIgniter\Database\BaseConnection->simpleQuery('INSERT INTO `books` (`user_id`, `type_key`, `title`, `description`, `is_archived`, `sort_order`, `created_at`, `updated_at`) VALUES (\'11111111-1111-1111-1111-111111111111\', \'todo\', \'Birinchi kitob\', \'Yaxshi kitobvha haqida\', 0, 4, \'2026-05-13 12:41:43\', \'2026-05-13 12:41:43\')')
 4 SYSTEMPATH/Database/BaseBuilder.php(2345): CodeIgniter\Database\BaseConnection->query('INSERT INTO `books` (`user_id`, `type_key`, `title`, `description`, `is_archived`, `sort_order`, `created_at`, `updated_at`) VALUES (:user_id:, :type_key:, :title:, :description:, :is_archived:, :sort_order:, :created_at:, :updated_at:)', [...], false)
 5 SYSTEMPATH/Model.php(355): CodeIgniter\Database\BaseBuilder->insert()
 6 SYSTEMPATH/BaseModel.php(899): CodeIgniter\Model->doInsert([...])
 7 SYSTEMPATH/Model.php(668): CodeIgniter\BaseModel->insert([...], true)
 8 APPPATH/Controllers/Api/BooksController.php(99): CodeIgniter\Model->insert([...])
 9 SYSTEMPATH/CodeIgniter.php(951): App\Controllers\Api\BooksController->create()
10 SYSTEMPATH/CodeIgniter.php(497): CodeIgniter\CodeIgniter->runController(Object(App\Controllers\Api\BooksController))
11 SYSTEMPATH/CodeIgniter.php(340): CodeIgniter\CodeIgniter->handleRequest(null, Object(Config\Cache), false)
12 SYSTEMPATH/Boot.php(417): CodeIgniter\CodeIgniter->run()
13 SYSTEMPATH/Boot.php(68): CodeIgniter\Boot::runCodeIgniter(Object(CodeIgniter\CodeIgniter))
14 FCPATH/index.php(59): CodeIgniter\Boot::bootWeb(Object(Config\Paths))
CRITICAL - 2026-05-13 12:41:43 --> CodeIgniter\Database\Exceptions\DatabaseException: Duplicate entry '' for key 'books.PRIMARY'
[Method: POST, Route: books]
in SYSTEMPATH/Database/BaseConnection.php on line 865.
 1 SYSTEMPATH/Database/BaseBuilder.php(2345): CodeIgniter\Database\BaseConnection->query('INSERT INTO `books` (`user_id`, `type_key`, `title`, `description`, `is_archived`, `sort_order`, `created_at`, `updated_at`) VALUES (:user_id:, :type_key:, :title:, :description:, :is_archived:, :sort_order:, :created_at:, :updated_at:)', [...], false)
 2 SYSTEMPATH/Model.php(355): CodeIgniter\Database\BaseBuilder->insert()
 3 SYSTEMPATH/BaseModel.php(899): CodeIgniter\Model->doInsert([...])
 4 SYSTEMPATH/Model.php(668): CodeIgniter\BaseModel->insert([...], true)
 5 APPPATH/Controllers/Api/BooksController.php(99): CodeIgniter\Model->insert([...])
 6 SYSTEMPATH/CodeIgniter.php(951): App\Controllers\Api\BooksController->create()
 7 SYSTEMPATH/CodeIgniter.php(497): CodeIgniter\CodeIgniter->runController(Object(App\Controllers\Api\BooksController))
 8 SYSTEMPATH/CodeIgniter.php(340): CodeIgniter\CodeIgniter->handleRequest(null, Object(Config\Cache), false)
 9 SYSTEMPATH/Boot.php(417): CodeIgniter\CodeIgniter->run()
10 SYSTEMPATH/Boot.php(68): CodeIgniter\Boot::runCodeIgniter(Object(CodeIgniter\CodeIgniter))
11 FCPATH/index.php(59): CodeIgniter\Boot::bootWeb(Object(Config\Paths))
CRITICAL - 2026-05-13 12:41:43 --> [Caused by] CodeIgniter\Database\Exceptions\DatabaseException: Duplicate entry '' for key 'books.PRIMARY'
in SYSTEMPATH/Database/MySQLi/Connection.php on line 310.
 1 SYSTEMPATH/Database/BaseConnection.php(910): CodeIgniter\Database\MySQLi\Connection->execute('INSERT INTO `books` (`user_id`, `type_key`, `title`, `description`, `is_archived`, `sort_order`, `created_at`, `updated_at`) VALUES (\'11111111-1111-1111-1111-111111111111\', \'todo\', \'Birinchi kitob\', \'Yaxshi kitobvha haqida\', 0, 4, \'2026-05-13 12:41:43\', \'2026-05-13 12:41:43\')')
 2 SYSTEMPATH/Database/BaseConnection.php(827): CodeIgniter\Database\BaseConnection->simpleQuery('INSERT INTO `books` (`user_id`, `type_key`, `title`, `description`, `is_archived`, `sort_order`, `created_at`, `updated_at`) VALUES (\'11111111-1111-1111-1111-111111111111\', \'todo\', \'Birinchi kitob\', \'Yaxshi kitobvha haqida\', 0, 4, \'2026-05-13 12:41:43\', \'2026-05-13 12:41:43\')')
 3 SYSTEMPATH/Database/BaseBuilder.php(2345): CodeIgniter\Database\BaseConnection->query('INSERT INTO `books` (`user_id`, `type_key`, `title`, `description`, `is_archived`, `sort_order`, `created_at`, `updated_at`) VALUES (:user_id:, :type_key:, :title:, :description:, :is_archived:, :sort_order:, :created_at:, :updated_at:)', [...], false)
 4 SYSTEMPATH/Model.php(355): CodeIgniter\Database\BaseBuilder->insert()
 5 SYSTEMPATH/BaseModel.php(899): CodeIgniter\Model->doInsert([...])
 6 SYSTEMPATH/Model.php(668): CodeIgniter\BaseModel->insert([...], true)
 7 APPPATH/Controllers/Api/BooksController.php(99): CodeIgniter\Model->insert([...])
 8 SYSTEMPATH/CodeIgniter.php(951): App\Controllers\Api\BooksController->create()
 9 SYSTEMPATH/CodeIgniter.php(497): CodeIgniter\CodeIgniter->runController(Object(App\Controllers\Api\BooksController))
10 SYSTEMPATH/CodeIgniter.php(340): CodeIgniter\CodeIgniter->handleRequest(null, Object(Config\Cache), false)
11 SYSTEMPATH/Boot.php(417): CodeIgniter\CodeIgniter->run()
12 SYSTEMPATH/Boot.php(68): CodeIgniter\Boot::runCodeIgniter(Object(CodeIgniter\CodeIgniter))
13 FCPATH/index.php(59): CodeIgniter\Boot::bootWeb(Object(Config\Paths))
CRITICAL - 2026-05-13 12:41:43 --> [Caused by] mysqli_sql_exception: Duplicate entry '' for key 'books.PRIMARY'
in SYSTEMPATH/Database/MySQLi/Connection.php on line 300.
 1 SYSTEMPATH/Database/MySQLi/Connection.php(300): mysqli->query('INSERT INTO `books` (`user_id`, `type_key`, `title`, `description`, `is_archived`, `sort_order`, `created_at`, `updated_at`) VALUES (\'11111111-1111-1111-1111-111111111111\', \'todo\', \'Birinchi kitob\', \'Yaxshi kitobvha haqida\', 0, 4, \'2026-05-13 12:41:43\', \'2026-05-13 12:41:43\')', 0)
 2 SYSTEMPATH/Database/BaseConnection.php(910): CodeIgniter\Database\MySQLi\Connection->execute('INSERT INTO `books` (`user_id`, `type_key`, `title`, `description`, `is_archived`, `sort_order`, `created_at`, `updated_at`) VALUES (\'11111111-1111-1111-1111-111111111111\', \'todo\', \'Birinchi kitob\', \'Yaxshi kitobvha haqida\', 0, 4, \'2026-05-13 12:41:43\', \'2026-05-13 12:41:43\')')
 3 SYSTEMPATH/Database/BaseConnection.php(827): CodeIgniter\Database\BaseConnection->simpleQuery('INSERT INTO `books` (`user_id`, `type_key`, `title`, `description`, `is_archived`, `sort_order`, `created_at`, `updated_at`) VALUES (\'11111111-1111-1111-1111-111111111111\', \'todo\', \'Birinchi kitob\', \'Yaxshi kitobvha haqida\', 0, 4, \'2026-05-13 12:41:43\', \'2026-05-13 12:41:43\')')
 4 SYSTEMPATH/Database/BaseBuilder.php(2345): CodeIgniter\Database\BaseConnection->query('INSERT INTO `books` (`user_id`, `type_key`, `title`, `description`, `is_archived`, `sort_order`, `created_at`, `updated_at`) VALUES (:user_id:, :type_key:, :title:, :description:, :is_archived:, :sort_order:, :created_at:, :updated_at:)', [...], false)
 5 SYSTEMPATH/Model.php(355): CodeIgniter\Database\BaseBuilder->insert()
 6 SYSTEMPATH/BaseModel.php(899): CodeIgniter\Model->doInsert([...])
 7 SYSTEMPATH/Model.php(668): CodeIgniter\BaseModel->insert([...], true)
 8 APPPATH/Controllers/Api/BooksController.php(99): CodeIgniter\Model->insert([...])
 9 SYSTEMPATH/CodeIgniter.php(951): App\Controllers\Api\BooksController->create()
10 SYSTEMPATH/CodeIgniter.php(497): CodeIgniter\CodeIgniter->runController(Object(App\Controllers\Api\BooksController))
11 SYSTEMPATH/CodeIgniter.php(340): CodeIgniter\CodeIgniter->handleRequest(null, Object(Config\Cache), false)
12 SYSTEMPATH/Boot.php(417): CodeIgniter\CodeIgniter->run()
13 SYSTEMPATH/Boot.php(68): CodeIgniter\Boot::runCodeIgniter(Object(CodeIgniter\CodeIgniter))
14 FCPATH/index.php(59): CodeIgniter\Boot::bootWeb(Object(Config\Paths))
ERROR - 2026-05-13 12:43:06 --> Duplicate entry '' for key 'books.PRIMARY'
in SYSTEMPATH/Database/MySQLi/Connection.php on line 300.
 1 SYSTEMPATH/Database/MySQLi/Connection.php(300): mysqli->query('INSERT INTO `books` (`user_id`, `type_key`, `title`, `description`, `is_archived`, `sort_order`, `created_at`, `updated_at`) VALUES (\'11111111-1111-1111-1111-111111111111\', \'finance\', \'Salom\', \'asdasdas asdasd desc\', 0, 4, \'2026-05-13 12:43:06\', \'2026-05-13 12:43:06\')', 0)
 2 SYSTEMPATH/Database/BaseConnection.php(910): CodeIgniter\Database\MySQLi\Connection->execute('INSERT INTO `books` (`user_id`, `type_key`, `title`, `description`, `is_archived`, `sort_order`, `created_at`, `updated_at`) VALUES (\'11111111-1111-1111-1111-111111111111\', \'finance\', \'Salom\', \'asdasdas asdasd desc\', 0, 4, \'2026-05-13 12:43:06\', \'2026-05-13 12:43:06\')')
 3 SYSTEMPATH/Database/BaseConnection.php(827): CodeIgniter\Database\BaseConnection->simpleQuery('INSERT INTO `books` (`user_id`, `type_key`, `title`, `description`, `is_archived`, `sort_order`, `created_at`, `updated_at`) VALUES (\'11111111-1111-1111-1111-111111111111\', \'finance\', \'Salom\', \'asdasdas asdasd desc\', 0, 4, \'2026-05-13 12:43:06\', \'2026-05-13 12:43:06\')')
 4 SYSTEMPATH/Database/BaseBuilder.php(2345): CodeIgniter\Database\BaseConnection->query('INSERT INTO `books` (`user_id`, `type_key`, `title`, `description`, `is_archived`, `sort_order`, `created_at`, `updated_at`) VALUES (:user_id:, :type_key:, :title:, :description:, :is_archived:, :sort_order:, :created_at:, :updated_at:)', [...], false)
 5 SYSTEMPATH/Model.php(355): CodeIgniter\Database\BaseBuilder->insert()
 6 SYSTEMPATH/BaseModel.php(899): CodeIgniter\Model->doInsert([...])
 7 SYSTEMPATH/Model.php(668): CodeIgniter\BaseModel->insert([...], true)
 8 APPPATH/Controllers/Api/BooksController.php(99): CodeIgniter\Model->insert([...])
 9 SYSTEMPATH/CodeIgniter.php(951): App\Controllers\Api\BooksController->create()
10 SYSTEMPATH/CodeIgniter.php(497): CodeIgniter\CodeIgniter->runController(Object(App\Controllers\Api\BooksController))
11 SYSTEMPATH/CodeIgniter.php(340): CodeIgniter\CodeIgniter->handleRequest(null, Object(Config\Cache), false)
12 SYSTEMPATH/Boot.php(417): CodeIgniter\CodeIgniter->run()
13 SYSTEMPATH/Boot.php(68): CodeIgniter\Boot::runCodeIgniter(Object(CodeIgniter\CodeIgniter))
14 FCPATH/index.php(59): CodeIgniter\Boot::bootWeb(Object(Config\Paths))
CRITICAL - 2026-05-13 12:43:06 --> CodeIgniter\Database\Exceptions\DatabaseException: Duplicate entry '' for key 'books.PRIMARY'
[Method: POST, Route: books]
in SYSTEMPATH/Database/BaseConnection.php on line 865.
 1 SYSTEMPATH/Database/BaseBuilder.php(2345): CodeIgniter\Database\BaseConnection->query('INSERT INTO `books` (`user_id`, `type_key`, `title`, `description`, `is_archived`, `sort_order`, `created_at`, `updated_at`) VALUES (:user_id:, :type_key:, :title:, :description:, :is_archived:, :sort_order:, :created_at:, :updated_at:)', [...], false)
 2 SYSTEMPATH/Model.php(355): CodeIgniter\Database\BaseBuilder->insert()
 3 SYSTEMPATH/BaseModel.php(899): CodeIgniter\Model->doInsert([...])
 4 SYSTEMPATH/Model.php(668): CodeIgniter\BaseModel->insert([...], true)
 5 APPPATH/Controllers/Api/BooksController.php(99): CodeIgniter\Model->insert([...])
 6 SYSTEMPATH/CodeIgniter.php(951): App\Controllers\Api\BooksController->create()
 7 SYSTEMPATH/CodeIgniter.php(497): CodeIgniter\CodeIgniter->runController(Object(App\Controllers\Api\BooksController))
 8 SYSTEMPATH/CodeIgniter.php(340): CodeIgniter\CodeIgniter->handleRequest(null, Object(Config\Cache), false)
 9 SYSTEMPATH/Boot.php(417): CodeIgniter\CodeIgniter->run()
10 SYSTEMPATH/Boot.php(68): CodeIgniter\Boot::runCodeIgniter(Object(CodeIgniter\CodeIgniter))
11 FCPATH/index.php(59): CodeIgniter\Boot::bootWeb(Object(Config\Paths))
CRITICAL - 2026-05-13 12:43:06 --> [Caused by] CodeIgniter\Database\Exceptions\DatabaseException: Duplicate entry '' for key 'books.PRIMARY'
in SYSTEMPATH/Database/MySQLi/Connection.php on line 310.
 1 SYSTEMPATH/Database/BaseConnection.php(910): CodeIgniter\Database\MySQLi\Connection->execute('INSERT INTO `books` (`user_id`, `type_key`, `title`, `description`, `is_archived`, `sort_order`, `created_at`, `updated_at`) VALUES (\'11111111-1111-1111-1111-111111111111\', \'finance\', \'Salom\', \'asdasdas asdasd desc\', 0, 4, \'2026-05-13 12:43:06\', \'2026-05-13 12:43:06\')')
 2 SYSTEMPATH/Database/BaseConnection.php(827): CodeIgniter\Database\BaseConnection->simpleQuery('INSERT INTO `books` (`user_id`, `type_key`, `title`, `description`, `is_archived`, `sort_order`, `created_at`, `updated_at`) VALUES (\'11111111-1111-1111-1111-111111111111\', \'finance\', \'Salom\', \'asdasdas asdasd desc\', 0, 4, \'2026-05-13 12:43:06\', \'2026-05-13 12:43:06\')')
 3 SYSTEMPATH/Database/BaseBuilder.php(2345): CodeIgniter\Database\BaseConnection->query('INSERT INTO `books` (`user_id`, `type_key`, `title`, `description`, `is_archived`, `sort_order`, `created_at`, `updated_at`) VALUES (:user_id:, :type_key:, :title:, :description:, :is_archived:, :sort_order:, :created_at:, :updated_at:)', [...], false)
 4 SYSTEMPATH/Model.php(355): CodeIgniter\Database\BaseBuilder->insert()
 5 SYSTEMPATH/BaseModel.php(899): CodeIgniter\Model->doInsert([...])
 6 SYSTEMPATH/Model.php(668): CodeIgniter\BaseModel->insert([...], true)
 7 APPPATH/Controllers/Api/BooksController.php(99): CodeIgniter\Model->insert([...])
 8 SYSTEMPATH/CodeIgniter.php(951): App\Controllers\Api\BooksController->create()
 9 SYSTEMPATH/CodeIgniter.php(497): CodeIgniter\CodeIgniter->runController(Object(App\Controllers\Api\BooksController))
10 SYSTEMPATH/CodeIgniter.php(340): CodeIgniter\CodeIgniter->handleRequest(null, Object(Config\Cache), false)
11 SYSTEMPATH/Boot.php(417): CodeIgniter\CodeIgniter->run()
12 SYSTEMPATH/Boot.php(68): CodeIgniter\Boot::runCodeIgniter(Object(CodeIgniter\CodeIgniter))
13 FCPATH/index.php(59): CodeIgniter\Boot::bootWeb(Object(Config\Paths))
CRITICAL - 2026-05-13 12:43:06 --> [Caused by] mysqli_sql_exception: Duplicate entry '' for key 'books.PRIMARY'
in SYSTEMPATH/Database/MySQLi/Connection.php on line 300.
 1 SYSTEMPATH/Database/MySQLi/Connection.php(300): mysqli->query('INSERT INTO `books` (`user_id`, `type_key`, `title`, `description`, `is_archived`, `sort_order`, `created_at`, `updated_at`) VALUES (\'11111111-1111-1111-1111-111111111111\', \'finance\', \'Salom\', \'asdasdas asdasd desc\', 0, 4, \'2026-05-13 12:43:06\', \'2026-05-13 12:43:06\')', 0)
 2 SYSTEMPATH/Database/BaseConnection.php(910): CodeIgniter\Database\MySQLi\Connection->execute('INSERT INTO `books` (`user_id`, `type_key`, `title`, `description`, `is_archived`, `sort_order`, `created_at`, `updated_at`) VALUES (\'11111111-1111-1111-1111-111111111111\', \'finance\', \'Salom\', \'asdasdas asdasd desc\', 0, 4, \'2026-05-13 12:43:06\', \'2026-05-13 12:43:06\')')
 3 SYSTEMPATH/Database/BaseConnection.php(827): CodeIgniter\Database\BaseConnection->simpleQuery('INSERT INTO `books` (`user_id`, `type_key`, `title`, `description`, `is_archived`, `sort_order`, `created_at`, `updated_at`) VALUES (\'11111111-1111-1111-1111-111111111111\', \'finance\', \'Salom\', \'asdasdas asdasd desc\', 0, 4, \'2026-05-13 12:43:06\', \'2026-05-13 12:43:06\')')
 4 SYSTEMPATH/Database/BaseBuilder.php(2345): CodeIgniter\Database\BaseConnection->query('INSERT INTO `books` (`user_id`, `type_key`, `title`, `description`, `is_archived`, `sort_order`, `created_at`, `updated_at`) VALUES (:user_id:, :type_key:, :title:, :description:, :is_archived:, :sort_order:, :created_at:, :updated_at:)', [...], false)
 5 SYSTEMPATH/Model.php(355): CodeIgniter\Database\BaseBuilder->insert()
 6 SYSTEMPATH/BaseModel.php(899): CodeIgniter\Model->doInsert([...])
 7 SYSTEMPATH/Model.php(668): CodeIgniter\BaseModel->insert([...], true)
 8 APPPATH/Controllers/Api/BooksController.php(99): CodeIgniter\Model->insert([...])
 9 SYSTEMPATH/CodeIgniter.php(951): App\Controllers\Api\BooksController->create()
10 SYSTEMPATH/CodeIgniter.php(497): CodeIgniter\CodeIgniter->runController(Object(App\Controllers\Api\BooksController))
11 SYSTEMPATH/CodeIgniter.php(340): CodeIgniter\CodeIgniter->handleRequest(null, Object(Config\Cache), false)
12 SYSTEMPATH/Boot.php(417): CodeIgniter\CodeIgniter->run()
13 SYSTEMPATH/Boot.php(68): CodeIgniter\Boot::runCodeIgniter(Object(CodeIgniter\CodeIgniter))
14 FCPATH/index.php(59): CodeIgniter\Boot::bootWeb(Object(Config\Paths))
